  Main.cpp
c:\github\software_engineering\software_engineering_scheduling_algorithm\application\rootproject\schedule_application\schedule_application\weekvector.h(96): warning C4018: '<': signed/unsigned mismatch
c:\github\software_engineering\software_engineering_scheduling_algorithm\application\rootproject\schedule_application\schedule_application\weekvector.h(203): warning C4018: '<': signed/unsigned mismatch
c:\github\software_engineering\software_engineering_scheduling_algorithm\application\rootproject\schedule_application\schedule_application\main.cpp(129): warning C4018: '<': signed/unsigned mismatch
  Generating Code...
  Compiling...
  TeacherFactory.cpp
  Generating Code...
c:\github\software_engineering\software_engineering_scheduling_algorithm\application\rootproject\schedule_application\schedule_application\teacherfactory.cpp(61): warning C4715: 'TeacherFactory::Create': not all control paths return a value
  Compiling...
  Art_T.cpp
  Generating Code...
  Compiling...
  Library_T.cpp
  Generating Code...
  Compiling...
  Music_T.cpp
  Generating Code...
  Compiling...
  Phys_Ed_T.cpp
  Generating Code...
  Compiling...
  Soc_Studies_T.cpp
  Generating Code...
  Skipping... (no relevant changes detected)
  ThirdGrade_T.cpp
  SixthGrade_T.cpp
  SecondGrade_T.cpp
  Kindergarten_t.cpp
  FourthGrade_T.cpp
  FirstGrade_T.cpp
  FifthGrade_T.cpp
  SpecialistVector.cpp
  Schedule_Application.vcxproj -> C:\GitHub\Software_Engineering\Software_Engineering_Scheduling_Algorithm\Application\RootProject\Schedule_Application\Debug\Schedule_Application.exe
